<?xml version="1.0" encoding="UTF-8"?>
<testsuite xmlns:xsi="http://www.w3.org/2001/XMLSchema-instance" xsi:noNamespaceSchemaLocation="https://maven.apache.org/surefire/maven-surefire-plugin/xsd/surefire-test-report-3.0.xsd" version="3.0" name="TestSuite" time="46.344" tests="3" errors="0" skipped="0" failures="1">
  <properties>
[...]
</properties>
  <testcase name="getWeatherInfoFromUI_TC[bengaluru](1)" classname="tests.WeatherInfoFromUITest" time="12.662">
    <system-out><![CDATA[RowCount: 21
Index found: 6
]]></system-out>
    <system-err><![CDATA[SLF4J: Failed to load class "org.slf4j.impl.StaticLoggerBinder".
SLF4J: Defaulting to no-operation (NOP) logger implementation
SLF4J: See http://www.slf4j.org/codes.html#StaticLoggerBinder for further details.
Starting ChromeDriver 89.0.4389.23 (61b08ee2c50024bab004e48d2b1b083cdbdac579-refs/branch-heads/4389@{#294}) on port 29121
Only local connections are allowed.
Please see https://chromedriver.chromium.org/security-considerations for suggestions on keeping ChromeDriver safe.
ChromeDriver was started successfully.
Apr 06, 2021 2:20:26 PM org.openqa.selenium.remote.ProtocolHandshake createSession
INFO: Detected dialect: W3C
]]></system-err>
  </testcase>
  <testcase name="getWeatherInfoFromAPITest[bengaluru](1)" classname="tests.WeatherInfoFromAPITest" time="3.391">
    <system-out><![CDATA[Request method:	GET
Request URI:	http://api.openweathermap.org/data/2.5/weather?q=bengaluru&appid=7fe67bf08c80ded756e598d6f8fedaea
Proxy:			<none>
Request params:	<none>
Query params:	q=bengaluru
				appid=7fe67bf08c80ded756e598d6f8fedaea
Form params:	<none>
Path params:	<none>
Headers:		Accept=*/*
Cookies:		<none>
Multiparts:		<none>
Body:			<none>
]]></system-out>
  </testcase>
  <testcase name="compareWeatherInfoBetweeenAPIAndUI[bengaluru](1)" classname="tests.CompareWeatherInfoTest" time="0">
    <failure message="The following asserts failed:&#10;	null" type="java.lang.AssertionError"><![CDATA[java.lang.AssertionError: 
The following asserts failed:
	null
	at tests.CompareWeatherInfoTest.compareWeatherInfoBetweeenAPIAndUI(CompareWeatherInfoTest.java:59)
]]></failure>
  </testcase>
</testsuite>