-------------------------------------------------------------------------------
Test set: TestSuite
-------------------------------------------------------------------------------
Tests run: 3, Failures: 1, Errors: 0, Skipped: 0, Time elapsed: 46.344 s <<< FAILURE! - in TestSuite
tests.CompareWeatherInfoTest.compareWeatherInfoBetweeenAPIAndUI[bengaluru](1)  Time elapsed: 0 s  <<< FAILURE!
java.lang.AssertionError: 
The following asserts failed:
	null
	at tests.CompareWeatherInfoTest.compareWeatherInfoBetweeenAPIAndUI(CompareWeatherInfoTest.java:59)

