<?xml version="1.0" encoding="UTF-8"?>
<testng-results skipped="0" failed="1" ignored="4" total="7" passed="2">
  <reporter-output>
  </reporter-output>
  <suite name="Suite" duration-ms="42648" started-at="2021-04-06T14:20:21 IST" finished-at="2021-04-06T14:21:04 IST">
    <groups>
    </groups>
    <test name="Test" duration-ms="42648" started-at="2021-04-06T14:20:21 IST" finished-at="2021-04-06T14:21:04 IST">
      <class name="tests.WeatherInfoFromAPITest">
        <test-method status="PASS" signature="init()[pri:0, instance:tests.WeatherInfoFromAPITest@1060b431]" name="init" is-config="true" duration-ms="801" started-at="2021-04-06T14:21:00 IST" finished-at="2021-04-06T14:21:01 IST">
          <reporter-output>
          </reporter-output>
        </test-method> <!-- init -->
        <test-method status="PASS" signature="getWeatherInfoFromAPITest(java.lang.String)[pri:0, instance:tests.WeatherInfoFromAPITest@1060b431]" name="getWeatherInfoFromAPITest" duration-ms="3343" started-at="2021-04-06T14:21:01 IST" finished-at="2021-04-06T14:21:04 IST">
          <params>
            <param index="0">
              <value>
                <![CDATA[bengaluru]]>
              </value>
            </param>
          </params>
          <reporter-output>
          </reporter-output>
        </test-method> <!-- getWeatherInfoFromAPITest -->
        <test-method status="PASS" signature="tearDown(org.testng.ITestResult)[pri:0, instance:tests.WeatherInfoFromAPITest@1060b431]" name="tearDown" is-config="true" duration-ms="1" started-at="2021-04-06T14:21:04 IST" finished-at="2021-04-06T14:21:04 IST">
          <params>
            <param index="0">
              <value>
                <![CDATA[[TestResult name=getWeatherInfoFromAPITest status=SUCCESS method=WeatherInfoFromAPITest.getWeatherInfoFromAPITest(java.lang.String)[pri:0, instance:tests.WeatherInfoFromAPITest@1060b431] output={null}]]]>
              </value>
            </param>
          </params>
          <reporter-output>
          </reporter-output>
        </test-method> <!-- tearDown -->
      </class> <!-- tests.WeatherInfoFromAPITest -->
      <class name="tests.WeatherInfoFromUITest">
        <test-method status="PASS" signature="extentReportSetUp()[pri:0, instance:tests.WeatherInfoFromUITest@4d3167f4]" name="extentReportSetUp" is-config="true" duration-ms="1295" started-at="2021-04-06T14:20:20 IST" finished-at="2021-04-06T14:20:21 IST">
          <reporter-output>
          </reporter-output>
        </test-method> <!-- extentReportSetUp -->
        <test-method status="PASS" signature="setUp(java.lang.String)[pri:0, instance:tests.WeatherInfoFromUITest@4d3167f4]" name="setUp" is-config="true" duration-ms="22992" started-at="2021-04-06T14:20:22 IST" finished-at="2021-04-06T14:20:44 IST">
          <params>
            <param index="0">
              <value>
                <![CDATA[chrome]]>
              </value>
            </param>
          </params>
          <reporter-output>
          </reporter-output>
        </test-method> <!-- setUp -->
        <test-method status="PASS" signature="getWeatherInfoFromUI_TC(java.lang.String)[pri:0, instance:tests.WeatherInfoFromUITest@4d3167f4]" name="getWeatherInfoFromUI_TC" duration-ms="12763" started-at="2021-04-06T14:20:44 IST" finished-at="2021-04-06T14:20:57 IST">
          <params>
            <param index="0">
              <value>
                <![CDATA[bengaluru]]>
              </value>
            </param>
          </params>
          <reporter-output>
          </reporter-output>
        </test-method> <!-- getWeatherInfoFromUI_TC -->
        <test-method status="PASS" signature="tearDown(org.testng.ITestResult)[pri:0, instance:tests.WeatherInfoFromUITest@4d3167f4]" name="tearDown" is-config="true" duration-ms="2656" started-at="2021-04-06T14:20:57 IST" finished-at="2021-04-06T14:21:00 IST">
          <params>
            <param index="0">
              <value>
                <![CDATA[[TestResult name=getWeatherInfoFromUI_TC status=SUCCESS method=WeatherInfoFromUITest.getWeatherInfoFromUI_TC(java.lang.String)[pri:0, instance:tests.WeatherInfoFromUITest@4d3167f4] output={null}]]]>
              </value>
            </param>
          </params>
          <reporter-output>
          </reporter-output>
        </test-method> <!-- tearDown -->
        <test-method status="PASS" signature="cleanUp()[pri:0, instance:tests.WeatherInfoFromUITest@4d3167f4]" name="cleanUp" is-config="true" duration-ms="563" started-at="2021-04-06T14:21:04 IST" finished-at="2021-04-06T14:21:05 IST">
          <reporter-output>
          </reporter-output>
        </test-method> <!-- cleanUp -->
      </class> <!-- tests.WeatherInfoFromUITest -->
      <class name="tests.CompareWeatherInfoTest">
        <test-method status="FAIL" signature="compareWeatherInfoBetweeenAPIAndUI(java.lang.String)[pri:0, instance:tests.CompareWeatherInfoTest@612679d6]" name="compareWeatherInfoBetweeenAPIAndUI" duration-ms="17" started-at="2021-04-06T14:21:04 IST" finished-at="2021-04-06T14:21:04 IST">
          <params>
            <param index="0">
              <value>
                <![CDATA[bengaluru]]>
              </value>
            </param>
          </params>
          <exception class="java.lang.AssertionError">
            <message>
              <![CDATA[The following asserts failed:
null]]>
            </message>
            <full-stacktrace>
              <![CDATA[java.lang.AssertionError: The following asserts failed:
null
at org.testng.asserts.SoftAssert.assertAll(SoftAssert.java:47)
at org.testng.asserts.SoftAssert.assertAll(SoftAssert.java:31)
at tests.CompareWeatherInfoTest.compareWeatherInfoBetweeenAPIAndUI(CompareWeatherInfoTest.java:59)
at sun.reflect.NativeMethodAccessorImpl.invoke0(Native Method)
at sun.reflect.NativeMethodAccessorImpl.invoke(NativeMethodAccessorImpl.java:62)
at sun.reflect.DelegatingMethodAccessorImpl.invoke(DelegatingMethodAccessorImpl.java:43)
at java.lang.reflect.Method.invoke(Method.java:498)
at org.testng.internal.MethodInvocationHelper.invokeMethod(MethodInvocationHelper.java:133)
at org.testng.internal.TestInvoker.invokeMethod(TestInvoker.java:598)
at org.testng.internal.TestInvoker.invokeTestMethod(TestInvoker.java:173)
at org.testng.internal.MethodRunner.runInSequence(MethodRunner.java:46)
at org.testng.internal.TestInvoker$MethodInvocationAgent.invoke(TestInvoker.java:824)
at org.testng.internal.TestInvoker.invokeTestMethods(TestInvoker.java:146)
at org.testng.internal.TestMethodWorker.invokeTestMethods(TestMethodWorker.java:146)
at org.testng.internal.TestMethodWorker.run(TestMethodWorker.java:128)
at java.util.ArrayList.forEach(ArrayList.java:1257)
at org.testng.TestRunner.privateRun(TestRunner.java:794)
at org.testng.TestRunner.run(TestRunner.java:596)
at org.testng.SuiteRunner.runTest(SuiteRunner.java:377)
at org.testng.SuiteRunner.runSequentially(SuiteRunner.java:371)
at org.testng.SuiteRunner.privateRun(SuiteRunner.java:332)
at org.testng.SuiteRunner.run(SuiteRunner.java:276)
at org.testng.SuiteRunnerWorker.runSuite(SuiteRunnerWorker.java:53)
at org.testng.SuiteRunnerWorker.run(SuiteRunnerWorker.java:96)
at org.testng.TestNG.runSuitesSequentially(TestNG.java:1212)
at org.testng.TestNG.runSuitesLocally(TestNG.java:1134)
at org.testng.TestNG.runSuites(TestNG.java:1063)
at org.testng.TestNG.run(TestNG.java:1031)
at org.apache.maven.surefire.testng.TestNGExecutor.run(TestNGExecutor.java:284)
at org.apache.maven.surefire.testng.TestNGXmlTestSuite.execute(TestNGXmlTestSuite.java:75)
at org.apache.maven.surefire.testng.TestNGProvider.invoke(TestNGProvider.java:119)
at org.apache.maven.surefire.booter.ForkedBooter.runSuitesInProcess(ForkedBooter.java:428)
at org.apache.maven.surefire.booter.ForkedBooter.execute(ForkedBooter.java:162)
at org.apache.maven.surefire.booter.ForkedBooter.run(ForkedBooter.java:562)
at org.apache.maven.surefire.booter.ForkedBooter.main(ForkedBooter.java:548)
]]>
            </full-stacktrace>
          </exception> <!-- java.lang.AssertionError -->
          <reporter-output>
          </reporter-output>
        </test-method> <!-- compareWeatherInfoBetweeenAPIAndUI -->
        <test-method status="PASS" signature="tearDown(org.testng.ITestResult)[pri:0, instance:tests.CompareWeatherInfoTest@612679d6]" name="tearDown" is-config="true" duration-ms="7" started-at="2021-04-06T14:21:04 IST" finished-at="2021-04-06T14:21:04 IST">
          <params>
            <param index="0">
              <value>
                <![CDATA[[TestResult name=compareWeatherInfoBetweeenAPIAndUI status=FAILURE method=CompareWeatherInfoTest.compareWeatherInfoBetweeenAPIAndUI(java.lang.String)[pri:0, instance:tests.CompareWeatherInfoTest@612679d6] output={null}]]]>
              </value>
            </param>
          </params>
          <reporter-output>
          </reporter-output>
        </test-method> <!-- tearDown -->
      </class> <!-- tests.CompareWeatherInfoTest -->
    </test> <!-- Test -->
  </suite> <!-- Suite -->
</testng-results>
