<?xml version="1.0" encoding="UTF-8"?>
<testng-results skipped="0" failed="0" ignored="0" total="1" passed="1">
  <reporter-output>
  </reporter-output>
  <suite name="Default suite" duration-ms="1508" started-at="2021-04-06T08:54:54 IST" finished-at="2021-04-06T08:54:56 IST">
    <groups>
    </groups>
    <test name="Default test" duration-ms="1508" started-at="2021-04-06T08:54:54 IST" finished-at="2021-04-06T08:54:56 IST">
      <class name="tests.Verify">
        <test-method status="PASS" signature="init()[pri:0, instance:tests.Verify@78ac1102]" name="init" is-config="true" duration-ms="4" started-at="2021-04-06T08:54:54 IST" finished-at="2021-04-06T08:54:54 IST">
          <reporter-output>
          </reporter-output>
        </test-method> <!-- init -->
        <test-method status="PASS" signature="test()[pri:0, instance:tests.Verify@78ac1102]" name="test" duration-ms="1463" started-at="2021-04-06T08:54:54 IST" finished-at="2021-04-06T08:54:56 IST">
          <reporter-output>
          </reporter-output>
        </test-method> <!-- test -->
        <test-method status="PASS" signature="tearDown()[pri:0, instance:tests.Verify@78ac1102]" name="tearDown" is-config="true" duration-ms="0" started-at="2021-04-06T08:54:56 IST" finished-at="2021-04-06T08:54:56 IST">
          <reporter-output>
          </reporter-output>
        </test-method> <!-- tearDown -->
      </class> <!-- tests.Verify -->
    </test> <!-- Default test -->
  </suite> <!-- Default suite -->
</testng-results>
